<?xml version="1.0" encoding="UTF-8" ?>
<testsuite errors="0" failures="0" hostname="DESKTOP-O27LCH3" name="sprint1.SearchDateTest" skipped="0" tests="4" time="19.498" timestamp="2019-03-31T18:48:49">
  <properties>
[...]
</properties>
  <testcase classname="sprint1.SearchDateTest" name="testNotEmpty" time="5.045" />
  <testcase classname="sprint1.SearchDateTest" name="testSearchByValidDate" time="4.643" />
  <testcase classname="sprint1.SearchDateTest" name="testSearchByInvalidDate" time="5.136" />
  <testcase classname="sprint1.SearchDateTest" name="testNotNull" time="4.598" />
  <system-out><![CDATA[Connected to database using TourDAO.java
Connected to database using TourDAO.java
length of distinct list is 7
Connected to database using TourDAO.java
Connected to database using TourDAO.java
length of distinct list is 7
Sun May 05 00:00:00 GMT 2019
Tue May 07 00:00:00 GMT 2019
Connected to database using TourDAO.java
Connected to database using TourDAO.java
length of distinct list is 7
Sat Apr 01 00:00:00 GMT 11290
Wed Apr 05 00:00:00 GMT 11290
Connected to database using TourDAO.java
Connected to database using TourDAO.java
length of distinct list is 7
]]></system-out>
  <system-err><![CDATA[]]></system-err>
</testsuite>
